0 info it worked if it ends with ok
1 verbose cli [ 'C:\\Program Files\\nodejs\\node.exe',
1 verbose cli   'C:\\ProgramData\\chocolatey\\lib\\npm\\tools\\node_modules\\npm\\bin\\npm-cli.js',
1 verbose cli   'install',
1 verbose cli   '-g',
1 verbose cli   'eslint' ]
2 info using npm@1.4.9
3 info using node@v8.10.0
4 verbose cache add [ 'eslint', null ]
5 verbose cache add name=undefined spec="eslint" args=["eslint",null]
6 verbose parsed url Url {
6 verbose parsed url   protocol: null,
6 verbose parsed url   slashes: null,
6 verbose parsed url   auth: null,
6 verbose parsed url   host: null,
6 verbose parsed url   port: null,
6 verbose parsed url   hostname: null,
6 verbose parsed url   hash: null,
6 verbose parsed url   search: null,
6 verbose parsed url   query: null,
6 verbose parsed url   pathname: 'eslint',
6 verbose parsed url   path: 'eslint',
6 verbose parsed url   href: 'eslint' }
7 silly lockFile e0b0b266-eslint eslint
8 verbose lock eslint C:\Users\duff_l\AppData\Roaming\npm-cache\e0b0b266-eslint.lock
9 silly lockFile e0b0b266-eslint eslint
10 silly lockFile e0b0b266-eslint eslint
11 verbose addNamed [ 'eslint', '' ]
12 verbose addNamed [ null, '*' ]
13 silly lockFile 62e46387-eslint eslint@
14 verbose lock eslint@ C:\Users\duff_l\AppData\Roaming\npm-cache\62e46387-eslint.lock
15 silly addNameRange { name: 'eslint', range: '*', hasData: false }
16 verbose url raw eslint
17 verbose url resolving [ 'https://registry.npmjs.org/', './eslint' ]
18 verbose url resolved https://registry.npmjs.org/eslint
19 info trying registry request attempt 1 at 10:59:48
20 verbose etag "5ab2f7d3-8d608"
21 http GET https://registry.npmjs.org/eslint
22 http 304 https://registry.npmjs.org/eslint
23 silly registry.get cb [ 304,
23 silly registry.get   { date: 'Fri, 23 Mar 2018 15:59:46 GMT',
23 silly registry.get     via: '1.1 varnish',
23 silly registry.get     'cache-control': 'max-age=300',
23 silly registry.get     etag: '"5ab2f7d3-8d608"',
23 silly registry.get     age: '12695',
23 silly registry.get     connection: 'close',
23 silly registry.get     'x-served-by': 'cache-mdw17351-MDW',
23 silly registry.get     'x-cache': 'HIT',
23 silly registry.get     'x-cache-hits': '62',
23 silly registry.get     'x-timer': 'S1521820787.673941,VS0,VE0',
23 silly registry.get     vary: 'Accept-Encoding, Accept' } ]
24 verbose etag eslint from cache
25 silly addNameRange number 2 { name: 'eslint', range: '*', hasData: true }
26 silly addNameRange versions [ 'eslint',
26 silly addNameRange   [ '0.0.4',
26 silly addNameRange     '0.0.5',
26 silly addNameRange     '0.0.6',
26 silly addNameRange     '0.0.7',
26 silly addNameRange     '0.1.0-dev',
26 silly addNameRange     '0.1.0',
26 silly addNameRange     '0.1.1',
26 silly addNameRange     '0.1.2',
26 silly addNameRange     '0.1.3',
26 silly addNameRange     '0.1.4',
26 silly addNameRange     '0.2.0',
26 silly addNameRange     '0.3.0',
26 silly addNameRange     '0.4.0',
26 silly addNameRange     '0.4.1',
26 silly addNameRange     '0.4.2',
26 silly addNameRange     '0.4.3',
26 silly addNameRange     '0.4.4',
26 silly addNameRange     '0.4.5',
26 silly addNameRange     '0.5.0',
26 silly addNameRange     '0.5.1',
26 silly addNameRange     '0.6.0',
26 silly addNameRange     '0.6.1',
26 silly addNameRange     '0.6.2',
26 silly addNameRange     '0.7.1',
26 silly addNameRange     '0.7.2',
26 silly addNameRange     '0.7.3',
26 silly addNameRange     '0.7.4',
26 silly addNameRange     '0.8.0',
26 silly addNameRange     '0.8.1',
26 silly addNameRange     '0.8.2',
26 silly addNameRange     '0.9.0',
26 silly addNameRange     '0.9.1',
26 silly addNameRange     '0.9.2',
26 silly addNameRange     '0.10.0-alpha',
26 silly addNameRange     '0.10.0-alpha.1',
26 silly addNameRange     '0.10.0-alpha.2',
26 silly addNameRange     '0.10.0',
26 silly addNameRange     '0.11.0-alpha.0',
26 silly addNameRange     '0.10.1',
26 silly addNameRange     '0.10.2',
26 silly addNameRange     '0.11.0',
26 silly addNameRange     '0.12.0',
26 silly addNameRange     '0.13.0',
26 silly addNameRange     '0.14.0',
26 silly addNameRange     '0.14.1',
26 silly addNameRange     '0.15.0',
26 silly addNameRange     '0.15.1',
26 silly addNameRange     '0.16.0',
26 silly addNameRange     '0.16.1',
26 silly addNameRange     '0.16.2',
26 silly addNameRange     '0.17.0',
26 silly addNameRange     '0.17.1',
26 silly addNameRange     '0.18.0',
26 silly addNameRange     '0.19.0',
26 silly addNameRange     '0.20.0',
26 silly addNameRange     '0.21.0',
26 silly addNameRange     '0.21.1',
26 silly addNameRange     '0.21.2',
26 silly addNameRange     '0.22.0',
26 silly addNameRange     '0.22.1',
26 silly addNameRange     '0.23.0',
26 silly addNameRange     '0.24.0',
26 silly addNameRange     '0.24.1',
26 silly addNameRange     '1.0.0-rc-1',
26 silly addNameRange     '1.0.0-rc-2',
26 silly addNameRange     '1.0.0-rc-3',
26 silly addNameRange     '1.0.0',
26 silly addNameRange     '1.1.0',
26 silly addNameRange     '1.2.0',
26 silly addNameRange     '1.2.1',
26 silly addNameRange     '1.3.0',
26 silly addNameRange     '1.3.1',
26 silly addNameRange     '1.4.0',
26 silly addNameRange     '1.4.1',
26 silly addNameRange     '1.4.2',
26 silly addNameRange     '1.4.3',
26 silly addNameRange     '1.5.0',
26 silly addNameRange     '1.5.1',
26 silly addNameRange     '1.6.0',
26 silly addNameRange     '1.7.0',
26 silly addNameRange     '1.7.1',
26 silly addNameRange     '1.7.2',
26 silly addNameRange     '1.7.3',
26 silly addNameRange     '1.8.0',
26 silly addNameRange     '1.9.0',
26 silly addNameRange     '1.10.0',
26 silly addNameRange     '1.10.1',
26 silly addNameRange     '1.10.2',
26 silly addNameRange     '1.10.3',
26 silly addNameRange     '2.0.0-alpha-1',
26 silly addNameRange     '2.0.0-alpha-2',
26 silly addNameRange     '2.0.0-beta.1',
26 silly addNameRange     '2.0.0-beta.2',
26 silly addNameRange     '2.0.0-beta.3',
26 silly addNameRange     '2.0.0-rc.0',
26 silly addNameRange     '2.0.0-rc.1',
26 silly addNameRange     '2.0.0',
26 silly addNameRange     '2.1.0',
26 silly addNameRange     '2.2.0',
26 silly addNameRange     '2.3.0',
26 silly addNameRange     ... 90 more items ] ]
27 verbose addNamed [ 'eslint', '4.19.1' ]
28 verbose addNamed [ '4.19.1', '4.19.1' ]
29 silly lockFile a186aa54-eslint-4-19-1 eslint@4.19.1
30 verbose lock eslint@4.19.1 C:\Users\duff_l\AppData\Roaming\npm-cache\a186aa54-eslint-4-19-1.lock
31 silly lockFile a186aa54-eslint-4-19-1 eslint@4.19.1
32 silly lockFile a186aa54-eslint-4-19-1 eslint@4.19.1
33 silly lockFile 62e46387-eslint eslint@
34 silly lockFile 62e46387-eslint eslint@
35 silly resolved [ { name: 'eslint',
35 silly resolved     version: '4.19.1',
35 silly resolved     author:
35 silly resolved      { name: 'Nicholas C. Zakas',
35 silly resolved        email: 'nicholas+npm@nczconsulting.com' },
35 silly resolved     description: 'An AST-based pattern checker for JavaScript.',
35 silly resolved     bin: { eslint: './bin/eslint.js' },
35 silly resolved     main: './lib/api.js',
35 silly resolved     scripts:
35 silly resolved      { test: 'node Makefile.js test',
35 silly resolved        lint: 'node Makefile.js lint',
35 silly resolved        fuzz: 'node Makefile.js fuzz',
35 silly resolved        release: 'node Makefile.js release',
35 silly resolved        'ci-release': 'node Makefile.js ciRelease',
35 silly resolved        alpharelease: 'node Makefile.js prerelease -- alpha',
35 silly resolved        betarelease: 'node Makefile.js prerelease -- beta',
35 silly resolved        docs: 'node Makefile.js docs',
35 silly resolved        gensite: 'node Makefile.js gensite',
35 silly resolved        browserify: 'node Makefile.js browserify',
35 silly resolved        perf: 'node Makefile.js perf',
35 silly resolved        profile: 'beefy tests/bench/bench.js --open -- -t brfs -t ./tests/bench/xform-rules.js -r espree',
35 silly resolved        coveralls: 'cat ./coverage/lcov.info | coveralls' },
35 silly resolved     files: [ 'LICENSE', 'README.md', 'bin', 'conf', 'lib', 'messages' ],
35 silly resolved     repository: { type: 'git', url: 'git://github.com/eslint/eslint' },
35 silly resolved     homepage: 'https://eslint.org',
35 silly resolved     bugs: { url: 'https://github.com/eslint/eslint/issues/' },
35 silly resolved     dependencies:
35 silly resolved      { ajv: '^5.3.0',
35 silly resolved        'babel-code-frame': '^6.22.0',
35 silly resolved        chalk: '^2.1.0',
35 silly resolved        'concat-stream': '^1.6.0',
35 silly resolved        'cross-spawn': '^5.1.0',
35 silly resolved        debug: '^3.1.0',
35 silly resolved        doctrine: '^2.1.0',
35 silly resolved        'eslint-scope': '^3.7.1',
35 silly resolved        'eslint-visitor-keys': '^1.0.0',
35 silly resolved        espree: '^3.5.4',
35 silly resolved        esquery: '^1.0.0',
35 silly resolved        esutils: '^2.0.2',
35 silly resolved        'file-entry-cache': '^2.0.0',
35 silly resolved        'functional-red-black-tree': '^1.0.1',
35 silly resolved        glob: '^7.1.2',
35 silly resolved        globals: '^11.0.1',
35 silly resolved        ignore: '^3.3.3',
35 silly resolved        imurmurhash: '^0.1.4',
35 silly resolved        inquirer: '^3.0.6',
35 silly resolved        'is-resolvable': '^1.0.0',
35 silly resolved        'js-yaml': '^3.9.1',
35 silly resolved        'json-stable-stringify-without-jsonify': '^1.0.1',
35 silly resolved        levn: '^0.3.0',
35 silly resolved        lodash: '^4.17.4',
35 silly resolved        minimatch: '^3.0.2',
35 silly resolved        mkdirp: '^0.5.1',
35 silly resolved        'natural-compare': '^1.4.0',
35 silly resolved        optionator: '^0.8.2',
35 silly resolved        'path-is-inside': '^1.0.2',
35 silly resolved        pluralize: '^7.0.0',
35 silly resolved        progress: '^2.0.0',
35 silly resolved        regexpp: '^1.0.1',
35 silly resolved        'require-uncached': '^1.0.3',
35 silly resolved        semver: '^5.3.0',
35 silly resolved        'strip-ansi': '^4.0.0',
35 silly resolved        'strip-json-comments': '~2.0.1',
35 silly resolved        table: '4.0.2',
35 silly resolved        'text-table': '~0.2.0' },
35 silly resolved     devDependencies:
35 silly resolved      { 'babel-polyfill': '^6.23.0',
35 silly resolved        'babel-preset-es2015': '^6.24.1',
35 silly resolved        babelify: '^7.3.0',
35 silly resolved        beefy: '^2.1.8',
35 silly resolved        brfs: '1.4.3',
35 silly resolved        browserify: '^14.4.0',
35 silly resolved        chai: '^4.0.1',
35 silly resolved        cheerio: '^0.22.0',
35 silly resolved        coveralls: '^2.13.1',
35 silly resolved        dateformat: '^2.0.0',
35 silly resolved        ejs: '^2.5.6',
35 silly resolved        'eslint-plugin-eslint-plugin': '^1.2.0',
35 silly resolved        'eslint-plugin-node': '^5.1.0',
35 silly resolved        'eslint-plugin-rulesdir': '^0.1.0',
35 silly resolved        'eslint-release': '^0.10.1',
35 silly resolved        'eslint-rule-composer': '^0.1.0',
35 silly resolved        eslump: '1.6.0',
35 silly resolved        esprima: '^4.0.0',
35 silly resolved        'esprima-fb': '^15001.1001.0-dev-harmony-fb',
35 silly resolved        istanbul: '^0.4.5',
35 silly resolved        jsdoc: '^3.4.3',
35 silly resolved        karma: '^1.7.0',
35 silly resolved        'karma-babel-preprocessor': '^6.0.1',
35 silly resolved        'karma-mocha': '^1.3.0',
35 silly resolved        'karma-mocha-reporter': '^2.2.3',
35 silly resolved        'karma-phantomjs-launcher': '^1.0.4',
35 silly resolved        leche: '^2.1.2',
35 silly resolved        'load-perf': '^0.2.0',
35 silly resolved        markdownlint: '^0.6.1',
35 silly resolved        mocha: '^3.4.2',
35 silly resolved        'mock-fs': '^4.3.0',
35 silly resolved        'npm-license': '^0.3.3',
35 silly resolved        'phantomjs-prebuilt': '^2.1.14',
35 silly resolved        proxyquire: '^1.8.0',
35 silly resolved        shelljs: '^0.7.7',
35 silly resolved        sinon: '^3.2.1',
35 silly resolved        temp: '^0.8.3',
35 silly resolved        through: '^2.3.8' },
35 silly resolved     keywords: [ 'ast', 'lint', 'javascript', 'ecmascript', 'espree' ],
35 silly resolved     license: 'MIT',
35 silly resolved     engines: { node: '>=4' },
35 silly resolved     readme: '[![NPM version][npm-image]][npm-url]\n[![build status][travis-image]][travis-url]\n[![Build status][appveyor-image]][appveyor-url]\n[![Test coverage][coveralls-image]][coveralls-url]\n[![Downloads][downloads-image]][downloads-url]\n[![Bountysource](https://www.bountysource.com/badge/tracker?tracker_id=282608)](https://www.bountysource.com/trackers/282608-eslint?utm_source=282608&utm_medium=shield&utm_campaign=TRACKER_BADGE)\n[![Join the chat at https://gitter.im/eslint/eslint](https://badges.gitter.im/Join%20Chat.svg)](https://gitter.im/eslint/eslint?utm_source=badge&utm_medium=badge&utm_campaign=pr-badge&utm_content=badge)\n[![FOSSA Status](https://app.fossa.io/api/projects/git%2Bhttps%3A%2F%2Fgithub.com%2Feslint%2Feslint.svg?type=shield)](https://app.fossa.io/projects/git%2Bhttps%3A%2F%2Fgithub.com%2Feslint%2Feslint?ref=badge_shield)\n\n# ESLint\n\n[Website](https://eslint.org) |\n[Configuring](https://eslint.org/docs/user-guide/configuring) |\n[Rules](https://eslint.org/docs/rules/) |\n[Contributing](https://eslint.org/docs/developer-guide/contributing) |\n[Reporting Bugs](https://eslint.org/docs/developer-guide/contributing/reporting-bugs) |\n[Code of Conduct](https://js.foundation/community/code-of-conduct) |\n[Twitter](https://twitter.com/geteslint) |\n[Mailing List](https://groups.google.com/group/eslint) |\n[Chat Room](https://gitter.im/eslint/eslint)\n\nESLint is a tool for identifying and reporting on patterns found in ECMAScript/JavaScript code. In many ways, it is similar to JSLint and JSHint with a few exceptions:\n\n* ESLint uses [Espree](https://github.com/eslint/espree) for JavaScript parsing.\n* ESLint uses an AST to evaluate patterns in code.\n* ESLint is completely pluggable, every single rule is a plugin and you can add more at runtime.\n\n## Installation and Usage\n\nPrerequisites: [Node.js](https://nodejs.org/en/) (>=4.x), npm version 2+.\n\nThere are two ways to install ESLint: globally and locally.\n\n### Local Installation and Usage\n\nIf you want to include ESLint as part of your project\'s build system, we recommend installing it locally. You can do so using npm:\n\n```\n$ npm install eslint --save-dev\n```\n\nYou should then setup a configuration file:\n\n```\n$ ./node_modules/.bin/eslint --init\n```\n\nAfter that, you can run ESLint on any file or directory like this:\n\n```\n$ ./node_modules/.bin/eslint yourfile.js\n```\n\nAny plugins or shareable configs that you use must also be installed locally to work with a locally-installed ESLint.\n\n### Global Installation and Usage\n\nIf you want to make ESLint available to tools that run across all of your projects, we recommend installing ESLint globally. You can do so using npm:\n\n```\n$ npm install -g eslint\n```\n\nYou should then setup a configuration file:\n\n```\n$ eslint --init\n```\n\nAfter that, you can run ESLint on any file or directory like this:\n\n```\n$ eslint yourfile.js\n```\n\nAny plugins or shareable configs that you use must also be installed globally to work with a globally-installed ESLint.\n\n**Note:** `eslint --init` is intended for setting up and configuring ESLint on a per-project basis and will perform a local installation of ESLint and its plugins in the directory in which it is run. If you prefer using a global installation of ESLint, any plugins used in your configuration must also be installed globally.\n\n## Configuration\n\nAfter running `eslint --init`, you\'ll have a `.eslintrc` file in your directory. In it, you\'ll see some rules configured like this:\n\n```json\n{\n    "rules": {\n        "semi": ["error", "always"],\n        "quotes": ["error", "double"]\n    }\n}\n```\n\nThe names `"semi"` and `"quotes"` are the names of [rules](https://eslint.org/docs/rules) in ESLint. The first value is the error level of the rule and can be one of these values:\n\n* `"off"` or `0` - turn the rule off\n* `"warn"` or `1` - turn the rule on as a warning (doesn\'t affect exit code)\n* `"error"` or `2` - turn the rule on as an error (exit code will be 1)\n\nThe three error levels allow you fine-grained control over how ESLint applies rules (for more configuration options and details, see the [configuration docs](https://eslint.org/docs/user-guide/configuring)).\n\n## Sponsors\n\n* Site search ([eslint.org](https://eslint.org)) is sponsored by [Algolia](https://www.algolia.com)\n\n## Team\n\nThese folks keep the project moving and are resources for help.\n\n### Technical Steering Committee (TSC)\n\n* Nicholas C. Zakas ([@nzakas](https://github.com/nzakas))\n* Ilya Volodin ([@ilyavolodin](https://github.com/ilyavolodin))\n* Brandon Mills ([@btmills](https://github.com/btmills))\n* Gyandeep Singh ([@gyandeeps](https://github.com/gyandeeps))\n* Toru Nagashima ([@mysticatea](https://github.com/mysticatea))\n* Alberto Rodríguez ([@alberto](https://github.com/alberto))\n* Kai Cataldo ([@kaicataldo](https://github.com/kaicataldo))\n* Teddy Katz ([@not-an-aardvark](https://github.com/not-an-aardvark))\n* Kevin Partington ([@platinumazure](https://github.com/platinumazure))\n\n### Development Team\n\n* Mathias Schreck ([@lo1tuma](https://github.com/lo1tuma))\n* Jamund Ferguson ([@xjamundx](https://github.com/xjamundx))\n* Ian VanSchooten ([@ianvs](https://github.com/ianvs))\n* Burak Yiğit Kaya ([@byk](https://github.com/byk))\n* Michael Ficarra ([@michaelficarra](https://github.com/michaelficarra))\n* Mark Pedrotti ([@pedrottimark](https://github.com/pedrottimark))\n* Oleg Gaidarenko ([@markelog](https://github.com/markelog))\n* Mike Sherov ([@mikesherov](https://github.com/mikesherov))\n* Henry Zhu ([@hzoo](https://github.com/hzoo))\n* Marat Dulin ([@mdevils](https://github.com/mdevils))\n* Alexej Yaroshevich ([@zxqfox](https://github.com/zxqfox))\n* Vitor Balocco ([@vitorbal](https://github.com/vitorbal))\n* James Henry ([@JamesHenry](https://github.com/JamesHenry))\n* Reyad Attiyat ([@soda0289](https://github.com/soda0289))\n* 薛定谔的猫 ([@Aladdin-ADD](https://github.com/Aladdin-ADD))\n* Victor Hom ([@VictorHom](https://github.com/VictorHom))\n\n## Releases\n\nWe have scheduled releases every two weeks on Friday or Saturday.\n\n## Code of Conduct\n\nESLint adheres to the [JS Foundation Code of Conduct](https://js.foundation/community/code-of-conduct).\n\n## Filing Issues\n\nBefore filing an issue, please be sure to read the guidelines for what you\'re reporting:\n\n* [Bug Report](https://eslint.org/docs/developer-guide/contributing/reporting-bugs)\n* [Propose a New Rule](https://eslint.org/docs/developer-guide/contributing/new-rules)\n* [Proposing a Rule Change](https://eslint.org/docs/developer-guide/contributing/rule-changes)\n* [Request a Change](https://eslint.org/docs/developer-guide/contributing/changes)\n\n## Semantic Versioning Policy\n\nESLint follows [semantic versioning](https://semver.org). However, due to the nature of ESLint as a code quality tool, it\'s not always clear when a minor or major version bump occurs. To help clarify this for everyone, we\'ve defined the following semantic versioning policy for ESLint:\n\n* Patch release (intended to not break your lint build)\n    * A bug fix in a rule that results in ESLint reporting fewer errors.\n    * A bug fix to the CLI or core (including formatters).\n    * Improvements to documentation.\n    * Non-user-facing changes such as refactoring code, adding, deleting, or modifying tests, and increasing test coverage.\n    * Re-releasing after a failed release (i.e., publishing a release that doesn\'t work for anyone).\n* Minor release (might break your lint build)\n    * A bug fix in a rule that results in ESLint reporting more errors.\n    * A new rule is created.\n    * A new option to an existing rule that does not result in ESLint reporting more errors by default.\n    * An existing rule is deprecated.\n    * A new CLI capability is created.\n    * New capabilities to the public API are added (new classes, new methods, new arguments to existing methods, etc.).\n    * A new formatter is created.\n* Major release (likely to break your lint build)\n    * `eslint:recommended` is updated.\n    * A new option to an existing rule that results in ESLint reporting more errors by default.\n    * An existing formatter is removed.\n    * Part of the public API is removed or changed in an incompatible way.\n\nAccording to our policy, any minor update may report more errors than the previous release (ex: from a bug fix). As such, we recommend using the tilde (`~`) in `package.json` e.g. `"eslint": "~3.1.0"` to guarantee the results of your builds.\n\n## License\n\n[![FOSSA Status](https://app.fossa.io/api/projects/git%2Bhttps%3A%2F%2Fgithub.com%2Feslint%2Feslint.svg?type=large)](https://app.fossa.io/projects/git%2Bhttps%3A%2F%2Fgithub.com%2Feslint%2Feslint?ref=badge_large)\n\n## Frequently Asked Questions\n\n### How is ESLint different from JSHint?\n\nThe most significant difference is that ESLint has pluggable linting rules. That means you can use the rules it comes with, or you can extend it with rules created by others or by yourself!\n\n### How does ESLint performance compare to JSHint?\n\nESLint is slower than JSHint, usually 2-3x slower on a single file. This is because ESLint uses Espree to construct an AST before it can evaluate your code whereas JSHint evaluates your code as it\'s being parsed. The speed is also based on the number of rules you enable; the more rules you enable, the slower the process.\n\nDespite being slower, we believe that ESLint is fast enough to replace JSHint without causing significant pain.\n\n### I heard ESLint is going to replace JSCS?\n\nYes. Since we are solving the same problems, ESLint and JSCS teams have decided to join forces and work together in the development of ESLint instead of competing with each other. You can read more about this in both [ESLint](https://eslint.org/blog/2016/04/welcoming-jscs-to-eslint) and [JSCS](https://medium.com/@markelog/jscs-end-of-the-line-bc9bf0b3fdb2#.u76sx334n) announcements.\n\n### So, should I stop using JSCS and start using ESLint?\n\nMaybe, depending on how much you need it. [JSCS has reached end of life](https://eslint.org/blog/2016/07/jscs-end-of-life), but if it is working for you then there is no reason to move yet. We are still working to smooth the transition. You can see our progress [here](https://github.com/eslint/eslint/milestones/JSCS%20Compatibility). We’ll announce when all of the changes necessary to support JSCS users in ESLint are complete and will start encouraging JSCS users to switch to ESLint at that time.\n\nIf you are having issues with JSCS, you can try to move to ESLint. We are focusing our time and energy on JSCS compatibility issues.\n\n### Is ESLint just linting or does it also check style?\n\nESLint does both traditional linting (looking for problematic patterns) and style checking (enforcement of conventions). You can use it for both.\n\n### Why can\'t ESLint find my plugins?\n\nESLint can be [globally or locally installed](#installation-and-usage). If you install ESLint globally, your plugins must also be installed globally; if you install ESLint locally, your plugins must also be installed locally.\n\nIf you are trying to run globally, make sure your plugins are installed globally (use `npm ls -g`).\n\nIf you are trying to run locally:\n\n* Make sure your plugins (and ESLint) are both in your project\'s `package.json` as devDependencies (or dependencies, if your project uses ESLint at runtime).\n* Make sure you have run `npm install` and all your dependencies are installed.\n\nIn all cases, make sure your plugins\' peerDependencies have been installed as well. You can use `npm view eslint-plugin-myplugin peerDepencies` to see what peer dependencies `eslint-plugin-myplugin` has.\n\n### Does ESLint support JSX?\n\nYes, ESLint natively supports parsing JSX syntax (this must be enabled in [configuration](https://eslint.org/docs/user-guide/configuring)). Please note that supporting JSX syntax *is not* the same as supporting React. React applies specific semantics to JSX syntax that ESLint doesn\'t recognize. We recommend using [eslint-plugin-react](https://www.npmjs.com/package/eslint-plugin-react) if you are using React and want React semantics.\n\n### What ECMAScript versions does ESLint support?\n\nESLint has full support for ECMAScript 3, 5 (default), 2015, 2016, 2017, and 2018. You can set your desired ECMAScript syntax (and other settings, like global variables or your target environments) through [configuration](https://eslint.org/docs/user-guide/configuring).\n\n### What about experimental features?\n\nESLint doesn\'t natively support experimental ECMAScript language features. You can use [babel-eslint](https://github.com/babel/babel-eslint) to use any option available in Babel.\n\nOnce a language feature has been adopted into the ECMAScript standard (stage 4 according to the [TC39 process](https://tc39.github.io/process-document/)), we will accept issues and pull requests related to the new feature, subject to our [contributing guidelines](https://eslint.org/docs/developer-guide/contributing). Until then, please use the appropriate parser and plugin(s) for your experimental feature.\n\n### Where to ask for help?\n\nJoin our [Mailing List](https://groups.google.com/group/eslint) or [Chatroom](https://gitter.im/eslint/eslint).\n\n\n[npm-image]: https://img.shields.io/npm/v/eslint.svg?style=flat-square\n[npm-url]: https://www.npmjs.com/package/eslint\n[travis-image]: https://img.shields.io/travis/eslint/eslint/master.svg?style=flat-square\n[travis-url]: https://travis-ci.org/eslint/eslint\n[appveyor-image]: https://ci.appveyor.com/api/projects/status/iwxmiobcvbw3b0av/branch/master?svg=true\n[appveyor-url]: https://ci.appveyor.com/project/nzakas/eslint/branch/master\n[coveralls-image]: https://img.shields.io/coveralls/eslint/eslint/master.svg?style=flat-square\n[coveralls-url]: https://coveralls.io/r/eslint/eslint?branch=master\n[downloads-image]: https://img.shields.io/npm/dm/eslint.svg?style=flat-square\n[downloads-url]: https://www.npmjs.com/package/eslint\n',
35 silly resolved     readmeFilename: 'README.md',
35 silly resolved     _id: 'eslint@4.19.1',
35 silly resolved     _shasum: '32d1d653e1d90408854bfb296f076ec7e186a300',
35 silly resolved     _from: 'eslint@',
35 silly resolved     _resolved: 'https://registry.npmjs.org/eslint/-/eslint-4.19.1.tgz' } ]
36 info install eslint@4.19.1 into C:\Program Files\nodejs
37 info installOne eslint@4.19.1
38 info C:\Program Files\nodejs\node_modules\eslint unbuild
39 info preuninstall eslint@4.19.1
40 info uninstall eslint@4.19.1
41 verbose true,C:\Program Files\nodejs\node_modules,C:\Program Files\nodejs\node_modules unbuild eslint@4.19.1
42 verbose C:\Program Files\nodejs,[object Object] binRoot
43 info C:\Program Files\nodejs\node_modules\eslint unbuild
44 info preuninstall eslint@4.19.1
45 info uninstall eslint@4.19.1
46 verbose true,C:\Program Files\nodejs\node_modules,C:\Program Files\nodejs\node_modules unbuild eslint@4.19.1
47 verbose C:\Program Files\nodejs,[object Object] binRoot
48 error error rolling back Error: EPERM: operation not permitted, unlink 'C:\Program Files\nodejs\eslint.cmd'
48 error error rolling back  eslint@4.19.1 { Error: EPERM: operation not permitted, unlink 'C:\Program Files\nodejs\eslint.cmd'
48 error error rolling back   errno: -4048,
48 error error rolling back   code: 'EPERM',
48 error error rolling back   syscall: 'unlink',
48 error error rolling back   path: 'C:\\Program Files\\nodejs\\eslint.cmd' }
49 error Error: EPERM: operation not permitted, unlink 'C:\Program Files\nodejs\eslint.cmd'
49 error  { Error: EPERM: operation not permitted, unlink 'C:\Program Files\nodejs\eslint.cmd'
49 error   errno: -4048,
49 error   code: 'EPERM',
49 error   syscall: 'unlink',
49 error   path: 'C:\\Program Files\\nodejs\\eslint.cmd' }
50 error Please try running this command again as root/Administrator.
51 error System Windows_NT 10.0.16299
52 error command "C:\\Program Files\\nodejs\\node.exe" "C:\\ProgramData\\chocolatey\\lib\\npm\\tools\\node_modules\\npm\\bin\\npm-cli.js" "install" "-g" "eslint"
53 error cwd C:\Users\duff_l\Documents\GitHub\EventCalendarElm
54 error node -v v8.10.0
55 error npm -v 1.4.9
56 error path C:\Program Files\nodejs\eslint.cmd
57 error syscall unlink
58 error code EPERM
59 error errno -4048
60 error stack Error: EPERM: operation not permitted, unlink 'C:\Program Files\nodejs\eslint.cmd'
61 verbose exit [ -4048, true ]
